0 info it worked if it ends with ok
1 verbose cli [ 'C:\\Program Files\\nodejs\\node.exe',
1 verbose cli   'C:\\Program Files\\nodejs\\node_modules\\npm\\bin\\npm-cli.js',
1 verbose cli   'install' ]
2 info using npm@3.10.8
3 info using node@v6.9.1
4 silly loadCurrentTree Starting
5 silly install loadCurrentTree
6 silly install readLocalPackageData
7 silly install normalizeTree
8 silly loadCurrentTree Finishing
9 silly loadIdealTree Starting
10 silly install loadIdealTree
11 silly cloneCurrentTree Starting
12 silly install cloneCurrentTreeToIdealTree
13 silly cloneCurrentTree Finishing
14 silly loadShrinkwrap Starting
15 silly install loadShrinkwrap
16 silly loadShrinkwrap Finishing
17 silly loadAllDepsIntoIdealTree Starting
18 silly install loadAllDepsIntoIdealTree
19 silly fetchNamedPackageData time
20 silly mapToRegistry name time
21 silly mapToRegistry using default registry
22 silly mapToRegistry registry https://registry.npmjs.org/
23 silly mapToRegistry data Result {
23 silly mapToRegistry   raw: 'time',
23 silly mapToRegistry   scope: null,
23 silly mapToRegistry   escapedName: 'time',
23 silly mapToRegistry   name: 'time',
23 silly mapToRegistry   rawSpec: '',
23 silly mapToRegistry   spec: 'latest',
23 silly mapToRegistry   type: 'tag' }
24 silly mapToRegistry uri https://registry.npmjs.org/time
25 verbose request uri https://registry.npmjs.org/time
26 verbose request no auth needed
27 info attempt registry request try #1 at 11:14:30
28 verbose request id 557c3331cc5efb1e
29 verbose etag W/"55e09970-a534"
30 verbose lastModified Fri, 28 Aug 2015 17:25:04 GMT
31 http request GET https://registry.npmjs.org/time
32 http 304 https://registry.npmjs.org/time
33 verbose headers { date: 'Fri, 30 Dec 2016 02:14:25 GMT',
33 verbose headers   via: '1.1 varnish',
33 verbose headers   'cache-control': 'max-age=300',
33 verbose headers   etag: 'W/"55e09970-a534"',
33 verbose headers   age: '93',
33 verbose headers   connection: 'keep-alive',
33 verbose headers   'x-served-by': 'cache-nrt6124-NRT',
33 verbose headers   'x-cache': 'HIT',
33 verbose headers   'x-cache-hits': '1',
33 verbose headers   'x-timer': 'S1483064065.369780,VS0,VE0',
33 verbose headers   vary: 'Accept-Encoding' }
34 silly get cb [ 304,
34 silly get   { date: 'Fri, 30 Dec 2016 02:14:25 GMT',
34 silly get     via: '1.1 varnish',
34 silly get     'cache-control': 'max-age=300',
34 silly get     etag: 'W/"55e09970-a534"',
34 silly get     age: '93',
34 silly get     connection: 'keep-alive',
34 silly get     'x-served-by': 'cache-nrt6124-NRT',
34 silly get     'x-cache': 'HIT',
34 silly get     'x-cache-hits': '1',
34 silly get     'x-timer': 'S1483064065.369780,VS0,VE0',
34 silly get     vary: 'Accept-Encoding' } ]
35 verbose etag https://registry.npmjs.org/time from cache
36 verbose get saving time to C:\Users\leechwin\AppData\Roaming\npm-cache\registry.npmjs.org\time\.cache.json
37 verbose correctMkdir C:\Users\leechwin\AppData\Roaming\npm-cache correctMkdir not in flight; initializing
38 silly resolveWithNewModule time@0.11.4 checking installable status
39 silly cache add args [ 'time@^0.11.4', null ]
40 verbose cache add spec time@^0.11.4
41 silly cache add parsed spec Result {
41 silly cache add   raw: 'time@^0.11.4',
41 silly cache add   scope: null,
41 silly cache add   escapedName: 'time',
41 silly cache add   name: 'time',
41 silly cache add   rawSpec: '^0.11.4',
41 silly cache add   spec: '>=0.11.4 <0.12.0',
41 silly cache add   type: 'range' }
42 silly addNamed time@>=0.11.4 <0.12.0
43 verbose addNamed ">=0.11.4 <0.12.0" is a valid semver range for time
44 silly addNameRange { name: 'time', range: '>=0.11.4 <0.12.0', hasData: false }
45 silly mapToRegistry name time
46 silly mapToRegistry using default registry
47 silly mapToRegistry registry https://registry.npmjs.org/
48 silly mapToRegistry data Result {
48 silly mapToRegistry   raw: 'time',
48 silly mapToRegistry   scope: null,
48 silly mapToRegistry   escapedName: 'time',
48 silly mapToRegistry   name: 'time',
48 silly mapToRegistry   rawSpec: '',
48 silly mapToRegistry   spec: 'latest',
48 silly mapToRegistry   type: 'tag' }
49 silly mapToRegistry uri https://registry.npmjs.org/time
50 verbose addNameRange registry:https://registry.npmjs.org/time not in flight; fetching
51 verbose get https://registry.npmjs.org/time not expired, no request
52 silly addNameRange number 2 { name: 'time', range: '>=0.11.4 <0.12.0', hasData: true }
53 silly addNameRange versions [ 'time',
53 silly addNameRange   [ '0.0.1',
53 silly addNameRange     '0.0.2',
53 silly addNameRange     '0.0.3',
53 silly addNameRange     '0.1.0',
53 silly addNameRange     '0.1.1',
53 silly addNameRange     '0.1.2',
53 silly addNameRange     '0.1.3',
53 silly addNameRange     '0.1.4',
53 silly addNameRange     '0.2.0',
53 silly addNameRange     '0.2.1',
53 silly addNameRange     '0.2.2',
53 silly addNameRange     '0.2.3',
53 silly addNameRange     '0.3.0',
53 silly addNameRange     '0.3.1',
53 silly addNameRange     '0.3.2',
53 silly addNameRange     '0.4.0',
53 silly addNameRange     '0.5.0',
53 silly addNameRange     '0.6.0',
53 silly addNameRange     '0.6.2',
53 silly addNameRange     '0.6.3',
53 silly addNameRange     '0.6.4',
53 silly addNameRange     '0.6.5',
53 silly addNameRange     '0.7.0',
53 silly addNameRange     '0.8.0',
53 silly addNameRange     '0.8.1',
53 silly addNameRange     '0.8.2',
53 silly addNameRange     '0.8.3',
53 silly addNameRange     '0.8.4',
53 silly addNameRange     '0.9.0',
53 silly addNameRange     '0.9.1',
53 silly addNameRange     '0.9.2',
53 silly addNameRange     '0.10.0',
53 silly addNameRange     '0.11.0',
53 silly addNameRange     '0.11.1',
53 silly addNameRange     '0.11.2',
53 silly addNameRange     '0.11.3',
53 silly addNameRange     '0.11.4' ] ]
54 silly addNamed time@0.11.4
55 verbose addNamed "0.11.4" is a plain semver version for time
56 silly cache afterAdd time@0.11.4
57 verbose afterAdd C:\Users\leechwin\AppData\Roaming\npm-cache\time\0.11.4\package\package.json not in flight; writing
58 verbose correctMkdir C:\Users\leechwin\AppData\Roaming\npm-cache correctMkdir not in flight; initializing
59 verbose afterAdd C:\Users\leechwin\AppData\Roaming\npm-cache\time\0.11.4\package\package.json written
60 silly fetchNamedPackageData bindings
61 silly mapToRegistry name bindings
62 silly mapToRegistry using default registry
63 silly mapToRegistry registry https://registry.npmjs.org/
64 silly mapToRegistry data Result {
64 silly mapToRegistry   raw: 'bindings',
64 silly mapToRegistry   scope: null,
64 silly mapToRegistry   escapedName: 'bindings',
64 silly mapToRegistry   name: 'bindings',
64 silly mapToRegistry   rawSpec: '',
64 silly mapToRegistry   spec: 'latest',
64 silly mapToRegistry   type: 'tag' }
65 silly mapToRegistry uri https://registry.npmjs.org/bindings
66 silly fetchNamedPackageData debug
67 silly mapToRegistry name debug
68 silly mapToRegistry using default registry
69 silly mapToRegistry registry https://registry.npmjs.org/
70 silly mapToRegistry data Result {
70 silly mapToRegistry   raw: 'debug',
70 silly mapToRegistry   scope: null,
70 silly mapToRegistry   escapedName: 'debug',
70 silly mapToRegistry   name: 'debug',
70 silly mapToRegistry   rawSpec: '',
70 silly mapToRegistry   spec: 'latest',
70 silly mapToRegistry   type: 'tag' }
71 silly mapToRegistry uri https://registry.npmjs.org/debug
72 silly fetchNamedPackageData nan
73 silly mapToRegistry name nan
74 silly mapToRegistry using default registry
75 silly mapToRegistry registry https://registry.npmjs.org/
76 silly mapToRegistry data Result {
76 silly mapToRegistry   raw: 'nan',
76 silly mapToRegistry   scope: null,
76 silly mapToRegistry   escapedName: 'nan',
76 silly mapToRegistry   name: 'nan',
76 silly mapToRegistry   rawSpec: '',
76 silly mapToRegistry   spec: 'latest',
76 silly mapToRegistry   type: 'tag' }
77 silly mapToRegistry uri https://registry.npmjs.org/nan
78 verbose request uri https://registry.npmjs.org/bindings
79 verbose request no auth needed
80 info attempt registry request try #1 at 11:14:30
81 verbose etag W/"580645d3-46f7"
82 verbose lastModified Tue, 18 Oct 2016 15:54:59 GMT
83 http request GET https://registry.npmjs.org/bindings
84 verbose request uri https://registry.npmjs.org/debug
85 verbose request no auth needed
86 info attempt registry request try #1 at 11:14:30
87 verbose etag W/"5865236d-fc69"
88 verbose lastModified Thu, 29 Dec 2016 14:53:33 GMT
89 http request GET https://registry.npmjs.org/debug
90 verbose request uri https://registry.npmjs.org/nan
91 verbose request no auth needed
92 info attempt registry request try #1 at 11:14:30
93 verbose etag W/"585acecf-1d7db"
94 verbose lastModified Wed, 21 Dec 2016 18:49:51 GMT
95 http request GET https://registry.npmjs.org/nan
96 http 304 https://registry.npmjs.org/bindings
97 verbose headers { date: 'Fri, 30 Dec 2016 02:14:25 GMT',
97 verbose headers   via: '1.1 varnish',
97 verbose headers   'cache-control': 'max-age=300',
97 verbose headers   etag: 'W/"580645d3-46f7"',
97 verbose headers   age: '76',
97 verbose headers   connection: 'keep-alive',
97 verbose headers   'x-served-by': 'cache-nrt6124-NRT',
97 verbose headers   'x-cache': 'HIT',
97 verbose headers   'x-cache-hits': '2',
97 verbose headers   'x-timer': 'S1483064065.564628,VS0,VE0',
97 verbose headers   vary: 'Accept-Encoding' }
98 silly get cb [ 304,
98 silly get   { date: 'Fri, 30 Dec 2016 02:14:25 GMT',
98 silly get     via: '1.1 varnish',
98 silly get     'cache-control': 'max-age=300',
98 silly get     etag: 'W/"580645d3-46f7"',
98 silly get     age: '76',
98 silly get     connection: 'keep-alive',
98 silly get     'x-served-by': 'cache-nrt6124-NRT',
98 silly get     'x-cache': 'HIT',
98 silly get     'x-cache-hits': '2',
98 silly get     'x-timer': 'S1483064065.564628,VS0,VE0',
98 silly get     vary: 'Accept-Encoding' } ]
99 verbose etag https://registry.npmjs.org/bindings from cache
100 verbose get saving bindings to C:\Users\leechwin\AppData\Roaming\npm-cache\registry.npmjs.org\bindings\.cache.json
101 verbose correctMkdir C:\Users\leechwin\AppData\Roaming\npm-cache correctMkdir not in flight; initializing
102 silly resolveWithNewModule bindings@1.2.1 checking installable status
103 silly cache add args [ 'bindings@~1.2.0', null ]
104 verbose cache add spec bindings@~1.2.0
105 silly cache add parsed spec Result {
105 silly cache add   raw: 'bindings@~1.2.0',
105 silly cache add   scope: null,
105 silly cache add   escapedName: 'bindings',
105 silly cache add   name: 'bindings',
105 silly cache add   rawSpec: '~1.2.0',
105 silly cache add   spec: '>=1.2.0 <1.3.0',
105 silly cache add   type: 'range' }
106 silly addNamed bindings@>=1.2.0 <1.3.0
107 verbose addNamed ">=1.2.0 <1.3.0" is a valid semver range for bindings
108 silly addNameRange { name: 'bindings', range: '>=1.2.0 <1.3.0', hasData: false }
109 silly mapToRegistry name bindings
110 silly mapToRegistry using default registry
111 silly mapToRegistry registry https://registry.npmjs.org/
112 silly mapToRegistry data Result {
112 silly mapToRegistry   raw: 'bindings',
112 silly mapToRegistry   scope: null,
112 silly mapToRegistry   escapedName: 'bindings',
112 silly mapToRegistry   name: 'bindings',
112 silly mapToRegistry   rawSpec: '',
112 silly mapToRegistry   spec: 'latest',
112 silly mapToRegistry   type: 'tag' }
113 silly mapToRegistry uri https://registry.npmjs.org/bindings
114 verbose addNameRange registry:https://registry.npmjs.org/bindings not in flight; fetching
115 verbose get https://registry.npmjs.org/bindings not expired, no request
116 silly addNameRange number 2 { name: 'bindings', range: '>=1.2.0 <1.3.0', hasData: true }
117 silly addNameRange versions [ 'bindings',
117 silly addNameRange   [ '0.0.1',
117 silly addNameRange     '0.1.0',
117 silly addNameRange     '0.1.1',
117 silly addNameRange     '0.2.0',
117 silly addNameRange     '0.2.1',
117 silly addNameRange     '0.2.2',
117 silly addNameRange     '0.2.3',
117 silly addNameRange     '0.2.4',
117 silly addNameRange     '0.3.0',
117 silly addNameRange     '0.4.0',
117 silly addNameRange     '1.0.0',
117 silly addNameRange     '1.1.0',
117 silly addNameRange     '1.1.1',
117 silly addNameRange     '1.2.0',
117 silly addNameRange     '1.2.1' ] ]
118 silly addNamed bindings@1.2.1
119 verbose addNamed "1.2.1" is a plain semver version for bindings
120 silly cache afterAdd bindings@1.2.1
121 verbose afterAdd C:\Users\leechwin\AppData\Roaming\npm-cache\bindings\1.2.1\package\package.json not in flight; writing
122 verbose correctMkdir C:\Users\leechwin\AppData\Roaming\npm-cache correctMkdir not in flight; initializing
123 verbose afterAdd C:\Users\leechwin\AppData\Roaming\npm-cache\bindings\1.2.1\package\package.json written
124 http 304 https://registry.npmjs.org/nan
125 verbose headers { date: 'Fri, 30 Dec 2016 02:14:25 GMT',
125 verbose headers   via: '1.1 varnish',
125 verbose headers   'cache-control': 'max-age=300',
125 verbose headers   etag: 'W/"585acecf-1d7db"',
125 verbose headers   age: '275',
125 verbose headers   connection: 'keep-alive',
125 verbose headers   'x-served-by': 'cache-nrt6133-NRT',
125 verbose headers   'x-cache': 'HIT',
125 verbose headers   'x-cache-hits': '4',
125 verbose headers   'x-timer': 'S1483064065.636430,VS0,VE0',
125 verbose headers   vary: 'Accept-Encoding' }
126 silly get cb [ 304,
126 silly get   { date: 'Fri, 30 Dec 2016 02:14:25 GMT',
126 silly get     via: '1.1 varnish',
126 silly get     'cache-control': 'max-age=300',
126 silly get     etag: 'W/"585acecf-1d7db"',
126 silly get     age: '275',
126 silly get     connection: 'keep-alive',
126 silly get     'x-served-by': 'cache-nrt6133-NRT',
126 silly get     'x-cache': 'HIT',
126 silly get     'x-cache-hits': '4',
126 silly get     'x-timer': 'S1483064065.636430,VS0,VE0',
126 silly get     vary: 'Accept-Encoding' } ]
127 verbose etag https://registry.npmjs.org/nan from cache
128 verbose get saving nan to C:\Users\leechwin\AppData\Roaming\npm-cache\registry.npmjs.org\nan\.cache.json
129 verbose correctMkdir C:\Users\leechwin\AppData\Roaming\npm-cache correctMkdir not in flight; initializing
130 http 304 https://registry.npmjs.org/debug
131 verbose headers { date: 'Fri, 30 Dec 2016 02:14:25 GMT',
131 verbose headers   via: '1.1 varnish',
131 verbose headers   'cache-control': 'max-age=300',
131 verbose headers   etag: 'W/"5865236d-fc69"',
131 verbose headers   age: '219',
131 verbose headers   connection: 'keep-alive',
131 verbose headers   'x-served-by': 'cache-nrt6120-NRT',
131 verbose headers   'x-cache': 'HIT',
131 verbose headers   'x-cache-hits': '8',
131 verbose headers   'x-timer': 'S1483064065.640969,VS0,VE0',
131 verbose headers   vary: 'Accept-Encoding' }
132 silly get cb [ 304,
132 silly get   { date: 'Fri, 30 Dec 2016 02:14:25 GMT',
132 silly get     via: '1.1 varnish',
132 silly get     'cache-control': 'max-age=300',
132 silly get     etag: 'W/"5865236d-fc69"',
132 silly get     age: '219',
132 silly get     connection: 'keep-alive',
132 silly get     'x-served-by': 'cache-nrt6120-NRT',
132 silly get     'x-cache': 'HIT',
132 silly get     'x-cache-hits': '8',
132 silly get     'x-timer': 'S1483064065.640969,VS0,VE0',
132 silly get     vary: 'Accept-Encoding' } ]
133 verbose etag https://registry.npmjs.org/debug from cache
134 verbose get saving debug to C:\Users\leechwin\AppData\Roaming\npm-cache\registry.npmjs.org\debug\.cache.json
135 verbose correctMkdir C:\Users\leechwin\AppData\Roaming\npm-cache correctMkdir not in flight; initializing
136 silly resolveWithNewModule nan@2.5.0 checking installable status
137 silly cache add args [ 'nan@2', null ]
138 verbose cache add spec nan@2
139 silly cache add parsed spec Result {
139 silly cache add   raw: 'nan@2',
139 silly cache add   scope: null,
139 silly cache add   escapedName: 'nan',
139 silly cache add   name: 'nan',
139 silly cache add   rawSpec: '2',
139 silly cache add   spec: '>=2.0.0 <3.0.0',
139 silly cache add   type: 'range' }
140 silly addNamed nan@>=2.0.0 <3.0.0
141 verbose addNamed ">=2.0.0 <3.0.0" is a valid semver range for nan
142 silly addNameRange { name: 'nan', range: '>=2.0.0 <3.0.0', hasData: false }
143 silly mapToRegistry name nan
144 silly mapToRegistry using default registry
145 silly mapToRegistry registry https://registry.npmjs.org/
146 silly mapToRegistry data Result {
146 silly mapToRegistry   raw: 'nan',
146 silly mapToRegistry   scope: null,
146 silly mapToRegistry   escapedName: 'nan',
146 silly mapToRegistry   name: 'nan',
146 silly mapToRegistry   rawSpec: '',
146 silly mapToRegistry   spec: 'latest',
146 silly mapToRegistry   type: 'tag' }
147 silly mapToRegistry uri https://registry.npmjs.org/nan
148 verbose addNameRange registry:https://registry.npmjs.org/nan not in flight; fetching
149 verbose get https://registry.npmjs.org/nan not expired, no request
150 silly addNameRange number 2 { name: 'nan', range: '>=2.0.0 <3.0.0', hasData: true }
151 silly addNameRange versions [ 'nan',
151 silly addNameRange   [ '0.3.0-wip',
151 silly addNameRange     '0.3.0-wip2',
151 silly addNameRange     '0.3.0',
151 silly addNameRange     '0.3.1',
151 silly addNameRange     '0.3.2',
151 silly addNameRange     '0.4.0',
151 silly addNameRange     '0.4.1',
151 silly addNameRange     '0.4.2',
151 silly addNameRange     '0.4.3',
151 silly addNameRange     '0.4.4',
151 silly addNameRange     '0.5.0',
151 silly addNameRange     '0.5.1',
151 silly addNameRange     '0.5.2',
151 silly addNameRange     '0.6.0',
151 silly addNameRange     '0.7.0',
151 silly addNameRange     '0.7.1',
151 silly addNameRange     '0.8.0',
151 silly addNameRange     '1.0.0',
151 silly addNameRange     '1.1.0',
151 silly addNameRange     '1.1.1',
151 silly addNameRange     '1.1.2',
151 silly addNameRange     '1.2.0',
151 silly addNameRange     '1.3.0',
151 silly addNameRange     '1.4.0',
151 silly addNameRange     '1.4.1',
151 silly addNameRange     '1.5.0',
151 silly addNameRange     '1.4.2',
151 silly addNameRange     '1.4.3',
151 silly addNameRange     '1.5.1',
151 silly addNameRange     '1.5.2',
151 silly addNameRange     '1.6.0',
151 silly addNameRange     '1.5.3',
151 silly addNameRange     '1.6.1',
151 silly addNameRange     '1.6.2',
151 silly addNameRange     '1.7.0',
151 silly addNameRange     '1.8.0',
151 silly addNameRange     '1.8.1',
151 silly addNameRange     '1.8.2',
151 silly addNameRange     '1.8.3',
151 silly addNameRange     '1.8.4',
151 silly addNameRange     '1.9.0',
151 silly addNameRange     '2.0.0',
151 silly addNameRange     '2.0.1',
151 silly addNameRange     '2.0.2',
151 silly addNameRange     '2.0.3',
151 silly addNameRange     '2.0.4',
151 silly addNameRange     '2.0.5',
151 silly addNameRange     '2.0.6',
151 silly addNameRange     '2.0.7',
151 silly addNameRange     '2.0.8',
151 silly addNameRange     '2.0.9',
151 silly addNameRange     '2.1.0',
151 silly addNameRange     '2.2.0',
151 silly addNameRange     '2.2.1',
151 silly addNameRange     '2.3.0',
151 silly addNameRange     '2.3.1',
151 silly addNameRange     '2.3.2',
151 silly addNameRange     '2.3.3',
151 silly addNameRange     '2.3.4',
151 silly addNameRange     '2.3.5',
151 silly addNameRange     '2.4.0',
151 silly addNameRange     '2.5.0' ] ]
152 silly addNamed nan@2.5.0
153 verbose addNamed "2.5.0" is a plain semver version for nan
154 silly resolveWithNewModule debug@2.6.0 checking installable status
155 silly cache add args [ 'debug@2', null ]
156 verbose cache add spec debug@2
157 silly cache add parsed spec Result {
157 silly cache add   raw: 'debug@2',
157 silly cache add   scope: null,
157 silly cache add   escapedName: 'debug',
157 silly cache add   name: 'debug',
157 silly cache add   rawSpec: '2',
157 silly cache add   spec: '>=2.0.0 <3.0.0',
157 silly cache add   type: 'range' }
158 silly addNamed debug@>=2.0.0 <3.0.0
159 verbose addNamed ">=2.0.0 <3.0.0" is a valid semver range for debug
160 silly addNameRange { name: 'debug', range: '>=2.0.0 <3.0.0', hasData: false }
161 silly mapToRegistry name debug
162 silly mapToRegistry using default registry
163 silly mapToRegistry registry https://registry.npmjs.org/
164 silly mapToRegistry data Result {
164 silly mapToRegistry   raw: 'debug',
164 silly mapToRegistry   scope: null,
164 silly mapToRegistry   escapedName: 'debug',
164 silly mapToRegistry   name: 'debug',
164 silly mapToRegistry   rawSpec: '',
164 silly mapToRegistry   spec: 'latest',
164 silly mapToRegistry   type: 'tag' }
165 silly mapToRegistry uri https://registry.npmjs.org/debug
166 verbose addNameRange registry:https://registry.npmjs.org/debug not in flight; fetching
167 silly cache afterAdd nan@2.5.0
168 verbose afterAdd C:\Users\leechwin\AppData\Roaming\npm-cache\nan\2.5.0\package\package.json not in flight; writing
169 verbose correctMkdir C:\Users\leechwin\AppData\Roaming\npm-cache correctMkdir not in flight; initializing
170 verbose get https://registry.npmjs.org/debug not expired, no request
171 silly addNameRange number 2 { name: 'debug', range: '>=2.0.0 <3.0.0', hasData: true }
172 silly addNameRange versions [ 'debug',
172 silly addNameRange   [ '0.0.1',
172 silly addNameRange     '0.1.0',
172 silly addNameRange     '0.2.0',
172 silly addNameRange     '0.3.0',
172 silly addNameRange     '0.4.0',
172 silly addNameRange     '0.4.1',
172 silly addNameRange     '0.5.0',
172 silly addNameRange     '0.6.0',
172 silly addNameRange     '0.7.0',
172 silly addNameRange     '0.7.1',
172 silly addNameRange     '0.7.2',
172 silly addNameRange     '0.7.3',
172 silly addNameRange     '0.7.4',
172 silly addNameRange     '0.8.0',
172 silly addNameRange     '0.8.1',
172 silly addNameRange     '1.0.0',
172 silly addNameRange     '1.0.1',
172 silly addNameRange     '1.0.2',
172 silly addNameRange     '1.0.3',
172 silly addNameRange     '1.0.4',
172 silly addNameRange     '2.0.0',
172 silly addNameRange     '2.1.0',
172 silly addNameRange     '2.1.1',
172 silly addNameRange     '2.1.2',
172 silly addNameRange     '2.1.3',
172 silly addNameRange     '2.2.0',
172 silly addNameRange     '2.3.0',
172 silly addNameRange     '2.3.1',
172 silly addNameRange     '2.3.2',
172 silly addNameRange     '2.3.3',
172 silly addNameRange     '2.4.0',
172 silly addNameRange     '2.4.1',
172 silly addNameRange     '2.4.2',
172 silly addNameRange     '2.4.3',
172 silly addNameRange     '2.4.4',
172 silly addNameRange     '2.4.5',
172 silly addNameRange     '2.5.0',
172 silly addNameRange     '2.5.1',
172 silly addNameRange     '2.5.2',
172 silly addNameRange     '2.6.0' ] ]
173 silly addNamed debug@2.6.0
174 verbose addNamed "2.6.0" is a plain semver version for debug
175 silly cache afterAdd debug@2.6.0
176 verbose afterAdd C:\Users\leechwin\AppData\Roaming\npm-cache\debug\2.6.0\package\package.json not in flight; writing
177 verbose correctMkdir C:\Users\leechwin\AppData\Roaming\npm-cache correctMkdir not in flight; initializing
178 verbose afterAdd C:\Users\leechwin\AppData\Roaming\npm-cache\nan\2.5.0\package\package.json written
179 verbose afterAdd C:\Users\leechwin\AppData\Roaming\npm-cache\debug\2.6.0\package\package.json written
180 silly fetchNamedPackageData ms
181 silly mapToRegistry name ms
182 silly mapToRegistry using default registry
183 silly mapToRegistry registry https://registry.npmjs.org/
184 silly mapToRegistry data Result {
184 silly mapToRegistry   raw: 'ms',
184 silly mapToRegistry   scope: null,
184 silly mapToRegistry   escapedName: 'ms',
184 silly mapToRegistry   name: 'ms',
184 silly mapToRegistry   rawSpec: '',
184 silly mapToRegistry   spec: 'latest',
184 silly mapToRegistry   type: 'tag' }
185 silly mapToRegistry uri https://registry.npmjs.org/ms
186 verbose request uri https://registry.npmjs.org/ms
187 verbose request no auth needed
188 info attempt registry request try #1 at 11:14:30
189 verbose etag W/"585e6037-2c31"
190 verbose lastModified Sat, 24 Dec 2016 11:47:03 GMT
191 http request GET https://registry.npmjs.org/ms
192 http 304 https://registry.npmjs.org/ms
193 verbose headers { date: 'Fri, 30 Dec 2016 02:14:25 GMT',
193 verbose headers   via: '1.1 varnish',
193 verbose headers   'cache-control': 'max-age=300',
193 verbose headers   etag: 'W/"585e6037-2c31"',
193 verbose headers   age: '118',
193 verbose headers   connection: 'keep-alive',
193 verbose headers   'x-served-by': 'cache-nrt6124-NRT',
193 verbose headers   'x-cache': 'HIT',
193 verbose headers   'x-cache-hits': '7',
193 verbose headers   'x-timer': 'S1483064065.739099,VS0,VE0',
193 verbose headers   vary: 'Accept-Encoding' }
194 silly get cb [ 304,
194 silly get   { date: 'Fri, 30 Dec 2016 02:14:25 GMT',
194 silly get     via: '1.1 varnish',
194 silly get     'cache-control': 'max-age=300',
194 silly get     etag: 'W/"585e6037-2c31"',
194 silly get     age: '118',
194 silly get     connection: 'keep-alive',
194 silly get     'x-served-by': 'cache-nrt6124-NRT',
194 silly get     'x-cache': 'HIT',
194 silly get     'x-cache-hits': '7',
194 silly get     'x-timer': 'S1483064065.739099,VS0,VE0',
194 silly get     vary: 'Accept-Encoding' } ]
195 verbose etag https://registry.npmjs.org/ms from cache
196 verbose get saving ms to C:\Users\leechwin\AppData\Roaming\npm-cache\registry.npmjs.org\ms\.cache.json
197 verbose correctMkdir C:\Users\leechwin\AppData\Roaming\npm-cache correctMkdir not in flight; initializing
198 silly resolveWithNewModule ms@0.7.2 checking installable status
199 silly cache add args [ 'ms@0.7.2', null ]
200 verbose cache add spec ms@0.7.2
201 silly cache add parsed spec Result {
201 silly cache add   raw: 'ms@0.7.2',
201 silly cache add   scope: null,
201 silly cache add   escapedName: 'ms',
201 silly cache add   name: 'ms',
201 silly cache add   rawSpec: '0.7.2',
201 silly cache add   spec: '0.7.2',
201 silly cache add   type: 'version' }
202 silly addNamed ms@0.7.2
203 verbose addNamed "0.7.2" is a plain semver version for ms
204 silly mapToRegistry name ms
205 silly mapToRegistry using default registry
206 silly mapToRegistry registry https://registry.npmjs.org/
207 silly mapToRegistry data Result {
207 silly mapToRegistry   raw: 'ms',
207 silly mapToRegistry   scope: null,
207 silly mapToRegistry   escapedName: 'ms',
207 silly mapToRegistry   name: 'ms',
207 silly mapToRegistry   rawSpec: '',
207 silly mapToRegistry   spec: 'latest',
207 silly mapToRegistry   type: 'tag' }
208 silly mapToRegistry uri https://registry.npmjs.org/ms
209 verbose addNameVersion registry:https://registry.npmjs.org/ms not in flight; fetching
210 verbose get https://registry.npmjs.org/ms not expired, no request
211 silly cache afterAdd ms@0.7.2
212 verbose afterAdd C:\Users\leechwin\AppData\Roaming\npm-cache\ms\0.7.2\package\package.json not in flight; writing
213 verbose correctMkdir C:\Users\leechwin\AppData\Roaming\npm-cache correctMkdir not in flight; initializing
214 verbose afterAdd C:\Users\leechwin\AppData\Roaming\npm-cache\ms\0.7.2\package\package.json written
215 silly loadAllDepsIntoIdealTree Finishing
216 silly loadIdealTree Finishing
217 silly currentTree pdkbot@0.0.1
217 silly currentTree +-- cron@1.2.1
217 silly currentTree | `-- moment-timezone@0.5.11
217 silly currentTree |   `-- moment@2.17.1
217 silly currentTree +-- express@4.14.0
217 silly currentTree | +-- accepts@1.3.3
217 silly currentTree | | +-- mime-types@2.1.13
217 silly currentTree | | | `-- mime-db@1.25.0
217 silly currentTree | | `-- negotiator@0.6.1
217 silly currentTree | +-- array-flatten@1.1.1
217 silly currentTree | +-- content-disposition@0.5.1
217 silly currentTree | +-- content-type@1.0.2
217 silly currentTree | +-- cookie-signature@1.0.6
217 silly currentTree | +-- cookie@0.3.1
217 silly currentTree | +-- debug@2.2.0
217 silly currentTree | | `-- ms@0.7.1
217 silly currentTree | +-- depd@1.1.0
217 silly currentTree | +-- encodeurl@1.0.1
217 silly currentTree | +-- escape-html@1.0.3
217 silly currentTree | +-- etag@1.7.0
217 silly currentTree | +-- finalhandler@0.5.0
217 silly currentTree | | +-- statuses@1.3.1
217 silly currentTree | | `-- unpipe@1.0.0
217 silly currentTree | +-- fresh@0.3.0
217 silly currentTree | +-- merge-descriptors@1.0.1
217 silly currentTree | +-- methods@1.1.2
217 silly currentTree | +-- on-finished@2.3.0
217 silly currentTree | | `-- ee-first@1.1.1
217 silly currentTree | +-- parseurl@1.3.1
217 silly currentTree | +-- path-to-regexp@0.1.7
217 silly currentTree | +-- proxy-addr@1.1.2
217 silly currentTree | | +-- forwarded@0.1.0
217 silly currentTree | | `-- ipaddr.js@1.1.1
217 silly currentTree | +-- qs@6.2.0
217 silly currentTree | +-- range-parser@1.2.0
217 silly currentTree | +-- send@0.14.1
217 silly currentTree | | +-- destroy@1.0.4
217 silly currentTree | | +-- http-errors@1.5.1
217 silly currentTree | | | +-- inherits@2.0.3
217 silly currentTree | | | `-- setprototypeof@1.0.2
217 silly currentTree | | +-- mime@1.3.4
217 silly currentTree | | +-- ms@0.7.1
217 silly currentTree | | `-- statuses@1.3.1
217 silly currentTree | +-- serve-static@1.11.1
217 silly currentTree | +-- type-is@1.6.14
217 silly currentTree | | +-- media-typer@0.3.0
217 silly currentTree | | `-- mime-types@2.1.13
217 silly currentTree | |   `-- mime-db@1.25.0
217 silly currentTree | +-- utils-merge@1.0.0
217 silly currentTree | `-- vary@1.1.0
217 silly currentTree +-- hubot-calculator@0.4.0
217 silly currentTree | +-- coffee-script@1.6.3
217 silly currentTree | `-- mathjs@3.8.1
217 silly currentTree |   +-- complex.js@2.0.1
217 silly currentTree |   +-- decimal.js@5.0.8
217 silly currentTree |   +-- fraction.js@3.3.1
217 silly currentTree |   +-- tiny-emitter@1.0.2
217 silly currentTree |   `-- typed-function@0.10.5
217 silly currentTree +-- hubot-diagnostics@0.0.1
217 silly currentTree +-- hubot-google-images@0.2.6
217 silly currentTree +-- hubot-google-translate@0.2.0
217 silly currentTree +-- hubot-help@0.2.0
217 silly currentTree +-- hubot-heroku-keepalive@1.0.2
217 silly currentTree +-- hubot-maps@0.0.2
217 silly currentTree +-- hubot-pugme@0.1.0
217 silly currentTree +-- hubot-redis-brain@0.0.3
217 silly currentTree | `-- redis@0.8.4
217 silly currentTree +-- hubot-rules@0.1.1
217 silly currentTree +-- hubot-scripts@2.17.2
217 silly currentTree | `-- redis@0.8.4
217 silly currentTree +-- hubot-shipit@0.2.0
217 silly currentTree +-- hubot-slack@4.2.2
217 silly currentTree | +-- @slack/client@3.8.1
217 silly currentTree | | +-- async@1.5.2
217 silly currentTree | | +-- bluebird@3.4.7
217 silly currentTree | | +-- eventemitter3@1.2.0
217 silly currentTree | | +-- https-proxy-agent@1.0.0
217 silly currentTree | | | +-- agent-base@2.0.1
217 silly currentTree | | | | `-- semver@5.0.3
217 silly currentTree | | | +-- debug@2.6.0
217 silly currentTree | | | | `-- ms@0.7.2
217 silly currentTree | | | `-- extend@3.0.0
217 silly currentTree | | +-- inherits@2.0.3
217 silly currentTree | | +-- lodash@4.17.3
217 silly currentTree | | +-- pkginfo@0.4.0
217 silly currentTree | | +-- request@2.79.0
217 silly currentTree | | | +-- aws-sign2@0.6.0
217 silly currentTree | | | +-- aws4@1.5.0
217 silly currentTree | | | +-- caseless@0.11.0
217 silly currentTree | | | +-- combined-stream@1.0.5
217 silly currentTree | | | | `-- delayed-stream@1.0.0
217 silly currentTree | | | +-- extend@3.0.0
217 silly currentTree | | | +-- forever-agent@0.6.1
217 silly currentTree | | | +-- form-data@2.1.2
217 silly currentTree | | | | `-- asynckit@0.4.0
217 silly currentTree | | | +-- har-validator@2.0.6
217 silly currentTree | | | | +-- chalk@1.1.3
217 silly currentTree | | | | | +-- ansi-styles@2.2.1
217 silly currentTree | | | | | +-- escape-string-regexp@1.0.5
217 silly currentTree | | | | | +-- has-ansi@2.0.0
217 silly currentTree | | | | | | `-- ansi-regex@2.0.0
217 silly currentTree | | | | | +-- strip-ansi@3.0.1
217 silly currentTree | | | | | | `-- ansi-regex@2.0.0
217 silly currentTree | | | | | `-- supports-color@2.0.0
217 silly currentTree | | | | +-- commander@2.9.0
217 silly currentTree | | | | | `-- graceful-readlink@1.0.1
217 silly currentTree | | | | +-- is-my-json-valid@2.15.0
217 silly currentTree | | | | | +-- generate-function@2.0.0
217 silly currentTree | | | | | +-- generate-object-property@1.2.0
217 silly currentTree | | | | | | `-- is-property@1.0.2
217 silly currentTree | | | | | +-- jsonpointer@4.0.1
217 silly currentTree | | | | | `-- xtend@4.0.1
217 silly currentTree | | | | `-- pinkie-promise@2.0.1
217 silly currentTree | | | |   `-- pinkie@2.0.4
217 silly currentTree | | | +-- hawk@3.1.3
217 silly currentTree | | | | +-- boom@2.10.1
217 silly currentTree | | | | +-- cryptiles@2.0.5
217 silly currentTree | | | | +-- hoek@2.16.3
217 silly currentTree | | | | `-- sntp@1.0.9
217 silly currentTree | | | +-- http-signature@1.1.1
217 silly currentTree | | | | +-- assert-plus@0.2.0
217 silly currentTree | | | | +-- jsprim@1.3.1
217 silly currentTree | | | | | +-- extsprintf@1.0.2
217 silly currentTree | | | | | +-- json-schema@0.2.3
217 silly currentTree | | | | | `-- verror@1.3.6
217 silly currentTree | | | | `-- sshpk@1.10.1
217 silly currentTree | | | |   +-- asn1@0.2.3
217 silly currentTree | | | |   +-- assert-plus@1.0.0
217 silly currentTree | | | |   +-- bcrypt-pbkdf@1.0.0
217 silly currentTree | | | |   +-- dashdash@1.14.1
217 silly currentTree | | | |   +-- ecc-jsbn@0.1.1
217 silly currentTree | | | |   +-- getpass@0.1.6
217 silly currentTree | | | |   +-- jodid25519@1.0.2
217 silly currentTree | | | |   +-- jsbn@0.1.0
217 silly currentTree | | | |   `-- tweetnacl@0.14.5
217 silly currentTree | | | +-- is-typedarray@1.0.0
217 silly currentTree | | | +-- isstream@0.1.2
217 silly currentTree | | | +-- json-stringify-safe@5.0.1
217 silly currentTree | | | +-- mime-types@2.1.13
217 silly currentTree | | | | `-- mime-db@1.25.0
217 silly currentTree | | | +-- oauth-sign@0.8.2
217 silly currentTree | | | +-- qs@6.3.0
217 silly currentTree | | | +-- stringstream@0.0.5
217 silly currentTree | | | +-- tough-cookie@2.3.2
217 silly currentTree | | | | `-- punycode@1.4.1
217 silly currentTree | | | +-- tunnel-agent@0.4.3
217 silly currentTree | | | `-- uuid@3.0.1
217 silly currentTree | | +-- retry@0.9.0
217 silly currentTree | | +-- url-join@0.0.1
217 silly currentTree | | +-- winston@2.3.0
217 silly currentTree | | | +-- async@1.0.0
217 silly currentTree | | | +-- colors@1.0.3
217 silly currentTree | | | +-- cycle@1.0.3
217 silly currentTree | | | +-- eyes@0.1.8
217 silly currentTree | | | +-- isstream@0.1.2
217 silly currentTree | | | `-- stack-trace@0.0.9
217 silly currentTree | | `-- ws@1.1.1
217 silly currentTree | |   +-- options@0.0.6
217 silly currentTree | |   `-- ultron@1.0.2
217 silly currentTree | `-- lodash@3.10.1
217 silly currentTree +-- hubot-youtube@1.0.2
217 silly currentTree +-- hubot@2.19.0
217 silly currentTree | +-- async@0.9.2
217 silly currentTree | +-- chalk@1.1.3
217 silly currentTree | | +-- ansi-styles@2.2.1
217 silly currentTree | | +-- escape-string-regexp@1.0.5
217 silly currentTree | | +-- has-ansi@2.0.0
217 silly currentTree | | | `-- ansi-regex@2.0.0
217 silly currentTree | | +-- strip-ansi@3.0.1
217 silly currentTree | | | `-- ansi-regex@2.0.0
217 silly currentTree | | `-- supports-color@2.0.0
217 silly currentTree | +-- cline@0.8.2
217 silly currentTree | +-- coffee-script@1.6.3
217 silly currentTree | +-- connect-multiparty@1.2.5
217 silly currentTree | | +-- multiparty@3.3.2
217 silly currentTree | | | +-- readable-stream@1.1.14
217 silly currentTree | | | | +-- core-util-is@1.0.2
217 silly currentTree | | | | +-- inherits@2.0.3
217 silly currentTree | | | | +-- isarray@0.0.1
217 silly currentTree | | | | `-- string_decoder@0.10.31
217 silly currentTree | | | `-- stream-counter@0.2.0
217 silly currentTree | | +-- on-finished@2.1.1
217 silly currentTree | | | `-- ee-first@1.1.0
217 silly currentTree | | +-- qs@2.2.5
217 silly currentTree | | `-- type-is@1.5.7
217 silly currentTree | |   +-- media-typer@0.3.0
217 silly currentTree | |   `-- mime-types@2.0.14
217 silly currentTree | |     `-- mime-db@1.12.0
217 silly currentTree | +-- express@3.21.2
217 silly currentTree | | +-- basic-auth@1.0.4
217 silly currentTree | | +-- commander@2.6.0
217 silly currentTree | | +-- connect@2.30.2
217 silly currentTree | | | +-- basic-auth-connect@1.0.0
217 silly currentTree | | | +-- body-parser@1.13.3
217 silly currentTree | | | | +-- iconv-lite@0.4.11
217 silly currentTree | | | | +-- on-finished@2.3.0
217 silly currentTree | | | | | `-- ee-first@1.1.1
217 silly currentTree | | | | `-- raw-body@2.1.7
217 silly currentTree | | | |   +-- bytes@2.4.0
217 silly currentTree | | | |   +-- iconv-lite@0.4.13
217 silly currentTree | | | |   `-- unpipe@1.0.0
217 silly currentTree | | | +-- bytes@2.1.0
217 silly currentTree | | | +-- compression@1.5.2
217 silly currentTree | | | | +-- accepts@1.2.13
217 silly currentTree | | | | | +-- mime-types@2.1.13
217 silly currentTree | | | | | | `-- mime-db@1.25.0
217 silly currentTree | | | | | `-- negotiator@0.5.3
217 silly currentTree | | | | `-- compressible@2.0.9
217 silly currentTree | | | |   `-- mime-db@1.25.0
217 silly currentTree | | | +-- connect-timeout@1.6.2
217 silly currentTree | | | | `-- ms@0.7.1
217 silly currentTree | | | +-- cookie-parser@1.3.5
217 silly currentTree | | | +-- csurf@1.8.3
217 silly currentTree | | | | `-- csrf@3.0.4
217 silly currentTree | | | |   +-- base64-url@1.3.3
217 silly currentTree | | | |   +-- rndm@1.2.0
217 silly currentTree | | | |   +-- tsscmp@1.0.5
217 silly currentTree | | | |   `-- uid-safe@2.1.3
217 silly currentTree | | | |     `-- random-bytes@1.0.0
217 silly currentTree | | | +-- errorhandler@1.4.3
217 silly currentTree | | | | +-- accepts@1.3.3
217 silly currentTree | | | | | +-- mime-types@2.1.13
217 silly currentTree | | | | | | `-- mime-db@1.25.0
217 silly currentTree | | | | | `-- negotiator@0.6.1
217 silly currentTree | | | | `-- escape-html@1.0.3
217 silly currentTree | | | +-- express-session@1.11.3
217 silly currentTree | | | | +-- crc@3.3.0
217 silly currentTree | | | | `-- uid-safe@2.0.0
217 silly currentTree | | | |   `-- base64-url@1.2.1
217 silly currentTree | | | +-- finalhandler@0.4.0
217 silly currentTree | | | | +-- on-finished@2.3.0
217 silly currentTree | | | | | `-- ee-first@1.1.1
217 silly currentTree | | | | `-- unpipe@1.0.0
217 silly currentTree | | | +-- http-errors@1.3.1
217 silly currentTree | | | | +-- inherits@2.0.3
217 silly currentTree | | | | `-- statuses@1.3.1
217 silly currentTree | | | +-- method-override@2.3.7
217 silly currentTree | | | | +-- debug@2.3.3
217 silly currentTree | | | | | `-- ms@0.7.2
217 silly currentTree | | | | `-- vary@1.1.0
217 silly currentTree | | | +-- morgan@1.6.1
217 silly currentTree | | | | `-- on-finished@2.3.0
217 silly currentTree | | | |   `-- ee-first@1.1.1
217 silly currentTree | | | +-- multiparty@3.3.2
217 silly currentTree | | | | +-- readable-stream@1.1.14
217 silly currentTree | | | | | +-- core-util-is@1.0.2
217 silly currentTree | | | | | +-- inherits@2.0.3
217 silly currentTree | | | | | +-- isarray@0.0.1
217 silly currentTree | | | | | `-- string_decoder@0.10.31
217 silly currentTree | | | | `-- stream-counter@0.2.0
217 silly currentTree | | | +-- on-headers@1.0.1
217 silly currentTree | | | +-- pause@0.1.0
217 silly currentTree | | | +-- qs@4.0.0
217 silly currentTree | | | +-- response-time@2.3.2
217 silly currentTree | | | | `-- depd@1.1.0
217 silly currentTree | | | +-- serve-favicon@2.3.2
217 silly currentTree | | | | `-- ms@0.7.2
217 silly currentTree | | | +-- serve-index@1.7.3
217 silly currentTree | | | | +-- accepts@1.2.13
217 silly currentTree | | | | | `-- negotiator@0.5.3
217 silly currentTree | | | | +-- batch@0.5.3
217 silly currentTree | | | | +-- escape-html@1.0.3
217 silly currentTree | | | | `-- mime-types@2.1.13
217 silly currentTree | | | |   `-- mime-db@1.25.0
217 silly currentTree | | | +-- serve-static@1.10.3
217 silly currentTree | | | | +-- escape-html@1.0.3
217 silly currentTree | | | | `-- send@0.13.2
217 silly currentTree | | | |   +-- depd@1.1.0
217 silly currentTree | | | |   +-- destroy@1.0.4
217 silly currentTree | | | |   +-- mime@1.3.4
217 silly currentTree | | | |   +-- ms@0.7.1
217 silly currentTree | | | |   +-- on-finished@2.3.0
217 silly currentTree | | | |   | `-- ee-first@1.1.1
217 silly currentTree | | | |   `-- statuses@1.2.1
217 silly currentTree | | | +-- type-is@1.6.14
217 silly currentTree | | | | +-- media-typer@0.3.0
217 silly currentTree | | | | `-- mime-types@2.1.13
217 silly currentTree | | | |   `-- mime-db@1.25.0
217 silly currentTree | | | `-- vhost@3.0.2
217 silly currentTree | | +-- content-disposition@0.5.0
217 silly currentTree | | +-- content-type@1.0.2
217 silly currentTree | | +-- cookie-signature@1.0.6
217 silly currentTree | | +-- cookie@0.1.3
217 silly currentTree | | +-- debug@2.2.0
217 silly currentTree | | | `-- ms@0.7.1
217 silly currentTree | | +-- depd@1.0.1
217 silly currentTree | | +-- escape-html@1.0.2
217 silly currentTree | | +-- etag@1.7.0
217 silly currentTree | | +-- fresh@0.3.0
217 silly currentTree | | +-- merge-descriptors@1.0.0
217 silly currentTree | | +-- methods@1.1.2
217 silly currentTree | | +-- mkdirp@0.5.1
217 silly currentTree | | | `-- minimist@0.0.8
217 silly currentTree | | +-- parseurl@1.3.1
217 silly currentTree | | +-- proxy-addr@1.0.10
217 silly currentTree | | | +-- forwarded@0.1.0
217 silly currentTree | | | `-- ipaddr.js@1.0.5
217 silly currentTree | | +-- range-parser@1.0.3
217 silly currentTree | | +-- send@0.13.0
217 silly currentTree | | | +-- destroy@1.0.3
217 silly currentTree | | | +-- http-errors@1.3.1
217 silly currentTree | | | | `-- inherits@2.0.3
217 silly currentTree | | | +-- mime@1.3.4
217 silly currentTree | | | +-- ms@0.7.1
217 silly currentTree | | | +-- on-finished@2.3.0
217 silly currentTree | | | | `-- ee-first@1.1.1
217 silly currentTree | | | `-- statuses@1.2.1
217 silly currentTree | | +-- utils-merge@1.0.0
217 silly currentTree | | `-- vary@1.0.1
217 silly currentTree | +-- log@1.4.0
217 silly currentTree | +-- optparse@1.0.4
217 silly currentTree | `-- scoped-http-client@0.11.0
217 silly currentTree +-- jsonfile@2.4.0
217 silly currentTree | `-- graceful-fs@4.1.11
217 silly currentTree `-- xml2js@0.4.17
217 silly currentTree   +-- sax@1.2.1
217 silly currentTree   `-- xmlbuilder@4.2.1
217 silly currentTree     `-- lodash@4.17.3
218 silly idealTree pdkbot@0.0.1
218 silly idealTree +-- cron@1.2.1
218 silly idealTree | `-- moment-timezone@0.5.11
218 silly idealTree |   `-- moment@2.17.1
218 silly idealTree +-- express@4.14.0
218 silly idealTree | +-- accepts@1.3.3
218 silly idealTree | | +-- mime-types@2.1.13
218 silly idealTree | | | `-- mime-db@1.25.0
218 silly idealTree | | `-- negotiator@0.6.1
218 silly idealTree | +-- array-flatten@1.1.1
218 silly idealTree | +-- content-disposition@0.5.1
218 silly idealTree | +-- content-type@1.0.2
218 silly idealTree | +-- cookie-signature@1.0.6
218 silly idealTree | +-- cookie@0.3.1
218 silly idealTree | +-- debug@2.2.0
218 silly idealTree | | `-- ms@0.7.1
218 silly idealTree | +-- depd@1.1.0
218 silly idealTree | +-- encodeurl@1.0.1
218 silly idealTree | +-- escape-html@1.0.3
218 silly idealTree | +-- etag@1.7.0
218 silly idealTree | +-- finalhandler@0.5.0
218 silly idealTree | | +-- statuses@1.3.1
218 silly idealTree | | `-- unpipe@1.0.0
218 silly idealTree | +-- fresh@0.3.0
218 silly idealTree | +-- merge-descriptors@1.0.1
218 silly idealTree | +-- methods@1.1.2
218 silly idealTree | +-- on-finished@2.3.0
218 silly idealTree | | `-- ee-first@1.1.1
218 silly idealTree | +-- parseurl@1.3.1
218 silly idealTree | +-- path-to-regexp@0.1.7
218 silly idealTree | +-- proxy-addr@1.1.2
218 silly idealTree | | +-- forwarded@0.1.0
218 silly idealTree | | `-- ipaddr.js@1.1.1
218 silly idealTree | +-- qs@6.2.0
218 silly idealTree | +-- range-parser@1.2.0
218 silly idealTree | +-- send@0.14.1
218 silly idealTree | | +-- destroy@1.0.4
218 silly idealTree | | +-- http-errors@1.5.1
218 silly idealTree | | | +-- inherits@2.0.3
218 silly idealTree | | | `-- setprototypeof@1.0.2
218 silly idealTree | | +-- mime@1.3.4
218 silly idealTree | | +-- ms@0.7.1
218 silly idealTree | | `-- statuses@1.3.1
218 silly idealTree | +-- serve-static@1.11.1
218 silly idealTree | +-- type-is@1.6.14
218 silly idealTree | | +-- media-typer@0.3.0
218 silly idealTree | | `-- mime-types@2.1.13
218 silly idealTree | |   `-- mime-db@1.25.0
218 silly idealTree | +-- utils-merge@1.0.0
218 silly idealTree | `-- vary@1.1.0
218 silly idealTree +-- hubot-calculator@0.4.0
218 silly idealTree | +-- coffee-script@1.6.3
218 silly idealTree | `-- mathjs@3.8.1
218 silly idealTree |   +-- complex.js@2.0.1
218 silly idealTree |   +-- decimal.js@5.0.8
218 silly idealTree |   +-- fraction.js@3.3.1
218 silly idealTree |   +-- tiny-emitter@1.0.2
218 silly idealTree |   `-- typed-function@0.10.5
218 silly idealTree +-- hubot-diagnostics@0.0.1
218 silly idealTree +-- hubot-google-images@0.2.6
218 silly idealTree +-- hubot-google-translate@0.2.0
218 silly idealTree +-- hubot-help@0.2.0
218 silly idealTree +-- hubot-heroku-keepalive@1.0.2
218 silly idealTree +-- hubot-maps@0.0.2
218 silly idealTree +-- hubot-pugme@0.1.0
218 silly idealTree +-- hubot-redis-brain@0.0.3
218 silly idealTree | `-- redis@0.8.4
218 silly idealTree +-- hubot-rules@0.1.1
218 silly idealTree +-- hubot-scripts@2.17.2
218 silly idealTree | `-- redis@0.8.4
218 silly idealTree +-- hubot-shipit@0.2.0
218 silly idealTree +-- hubot-slack@4.2.2
218 silly idealTree | +-- @slack/client@3.8.1
218 silly idealTree | | +-- async@1.5.2
218 silly idealTree | | +-- bluebird@3.4.7
218 silly idealTree | | +-- eventemitter3@1.2.0
218 silly idealTree | | +-- https-proxy-agent@1.0.0
218 silly idealTree | | | +-- agent-base@2.0.1
218 silly idealTree | | | | `-- semver@5.0.3
218 silly idealTree | | | +-- debug@2.6.0
218 silly idealTree | | | | `-- ms@0.7.2
218 silly idealTree | | | `-- extend@3.0.0
218 silly idealTree | | +-- inherits@2.0.3
218 silly idealTree | | +-- lodash@4.17.3
218 silly idealTree | | +-- pkginfo@0.4.0
218 silly idealTree | | +-- request@2.79.0
218 silly idealTree | | | +-- aws-sign2@0.6.0
218 silly idealTree | | | +-- aws4@1.5.0
218 silly idealTree | | | +-- caseless@0.11.0
218 silly idealTree | | | +-- combined-stream@1.0.5
218 silly idealTree | | | | `-- delayed-stream@1.0.0
218 silly idealTree | | | +-- extend@3.0.0
218 silly idealTree | | | +-- forever-agent@0.6.1
218 silly idealTree | | | +-- form-data@2.1.2
218 silly idealTree | | | | `-- asynckit@0.4.0
218 silly idealTree | | | +-- har-validator@2.0.6
218 silly idealTree | | | | +-- chalk@1.1.3
218 silly idealTree | | | | | +-- ansi-styles@2.2.1
218 silly idealTree | | | | | +-- escape-string-regexp@1.0.5
218 silly idealTree | | | | | +-- has-ansi@2.0.0
218 silly idealTree | | | | | | `-- ansi-regex@2.0.0
218 silly idealTree | | | | | +-- strip-ansi@3.0.1
218 silly idealTree | | | | | | `-- ansi-regex@2.0.0
218 silly idealTree | | | | | `-- supports-color@2.0.0
218 silly idealTree | | | | +-- commander@2.9.0
218 silly idealTree | | | | | `-- graceful-readlink@1.0.1
218 silly idealTree | | | | +-- is-my-json-valid@2.15.0
218 silly idealTree | | | | | +-- generate-function@2.0.0
218 silly idealTree | | | | | +-- generate-object-property@1.2.0
218 silly idealTree | | | | | | `-- is-property@1.0.2
218 silly idealTree | | | | | +-- jsonpointer@4.0.1
218 silly idealTree | | | | | `-- xtend@4.0.1
218 silly idealTree | | | | `-- pinkie-promise@2.0.1
218 silly idealTree | | | |   `-- pinkie@2.0.4
218 silly idealTree | | | +-- hawk@3.1.3
218 silly idealTree | | | | +-- boom@2.10.1
218 silly idealTree | | | | +-- cryptiles@2.0.5
218 silly idealTree | | | | +-- hoek@2.16.3
218 silly idealTree | | | | `-- sntp@1.0.9
218 silly idealTree | | | +-- http-signature@1.1.1
218 silly idealTree | | | | +-- assert-plus@0.2.0
218 silly idealTree | | | | +-- jsprim@1.3.1
218 silly idealTree | | | | | +-- extsprintf@1.0.2
218 silly idealTree | | | | | +-- json-schema@0.2.3
218 silly idealTree | | | | | `-- verror@1.3.6
218 silly idealTree | | | | `-- sshpk@1.10.1
218 silly idealTree | | | |   +-- asn1@0.2.3
218 silly idealTree | | | |   +-- assert-plus@1.0.0
218 silly idealTree | | | |   +-- bcrypt-pbkdf@1.0.0
218 silly idealTree | | | |   +-- dashdash@1.14.1
218 silly idealTree | | | |   +-- ecc-jsbn@0.1.1
218 silly idealTree | | | |   +-- getpass@0.1.6
218 silly idealTree | | | |   +-- jodid25519@1.0.2
218 silly idealTree | | | |   +-- jsbn@0.1.0
218 silly idealTree | | | |   `-- tweetnacl@0.14.5
218 silly idealTree | | | +-- is-typedarray@1.0.0
218 silly idealTree | | | +-- isstream@0.1.2
218 silly idealTree | | | +-- json-stringify-safe@5.0.1
218 silly idealTree | | | +-- mime-types@2.1.13
218 silly idealTree | | | | `-- mime-db@1.25.0
218 silly idealTree | | | +-- oauth-sign@0.8.2
218 silly idealTree | | | +-- qs@6.3.0
218 silly idealTree | | | +-- stringstream@0.0.5
218 silly idealTree | | | +-- tough-cookie@2.3.2
218 silly idealTree | | | | `-- punycode@1.4.1
218 silly idealTree | | | +-- tunnel-agent@0.4.3
218 silly idealTree | | | `-- uuid@3.0.1
218 silly idealTree | | +-- retry@0.9.0
218 silly idealTree | | +-- url-join@0.0.1
218 silly idealTree | | +-- winston@2.3.0
218 silly idealTree | | | +-- async@1.0.0
218 silly idealTree | | | +-- colors@1.0.3
218 silly idealTree | | | +-- cycle@1.0.3
218 silly idealTree | | | +-- eyes@0.1.8
218 silly idealTree | | | +-- isstream@0.1.2
218 silly idealTree | | | `-- stack-trace@0.0.9
218 silly idealTree | | `-- ws@1.1.1
218 silly idealTree | |   +-- options@0.0.6
218 silly idealTree | |   `-- ultron@1.0.2
218 silly idealTree | `-- lodash@3.10.1
218 silly idealTree +-- hubot-youtube@1.0.2
218 silly idealTree +-- hubot@2.19.0
218 silly idealTree | +-- async@0.9.2
218 silly idealTree | +-- chalk@1.1.3
218 silly idealTree | | +-- ansi-styles@2.2.1
218 silly idealTree | | +-- escape-string-regexp@1.0.5
218 silly idealTree | | +-- has-ansi@2.0.0
218 silly idealTree | | | `-- ansi-regex@2.0.0
218 silly idealTree | | +-- strip-ansi@3.0.1
218 silly idealTree | | | `-- ansi-regex@2.0.0
218 silly idealTree | | `-- supports-color@2.0.0
218 silly idealTree | +-- cline@0.8.2
218 silly idealTree | +-- coffee-script@1.6.3
218 silly idealTree | +-- connect-multiparty@1.2.5
218 silly idealTree | | +-- multiparty@3.3.2
218 silly idealTree | | | +-- readable-stream@1.1.14
218 silly idealTree | | | | +-- core-util-is@1.0.2
218 silly idealTree | | | | +-- inherits@2.0.3
218 silly idealTree | | | | +-- isarray@0.0.1
218 silly idealTree | | | | `-- string_decoder@0.10.31
218 silly idealTree | | | `-- stream-counter@0.2.0
218 silly idealTree | | +-- on-finished@2.1.1
218 silly idealTree | | | `-- ee-first@1.1.0
218 silly idealTree | | +-- qs@2.2.5
218 silly idealTree | | `-- type-is@1.5.7
218 silly idealTree | |   +-- media-typer@0.3.0
218 silly idealTree | |   `-- mime-types@2.0.14
218 silly idealTree | |     `-- mime-db@1.12.0
218 silly idealTree | +-- express@3.21.2
218 silly idealTree | | +-- basic-auth@1.0.4
218 silly idealTree | | +-- commander@2.6.0
218 silly idealTree | | +-- connect@2.30.2
218 silly idealTree | | | +-- basic-auth-connect@1.0.0
218 silly idealTree | | | +-- body-parser@1.13.3
218 silly idealTree | | | | +-- iconv-lite@0.4.11
218 silly idealTree | | | | +-- on-finished@2.3.0
218 silly idealTree | | | | | `-- ee-first@1.1.1
218 silly idealTree | | | | `-- raw-body@2.1.7
218 silly idealTree | | | |   +-- bytes@2.4.0
218 silly idealTree | | | |   +-- iconv-lite@0.4.13
218 silly idealTree | | | |   `-- unpipe@1.0.0
218 silly idealTree | | | +-- bytes@2.1.0
218 silly idealTree | | | +-- compression@1.5.2
218 silly idealTree | | | | +-- accepts@1.2.13
218 silly idealTree | | | | | +-- mime-types@2.1.13
218 silly idealTree | | | | | | `-- mime-db@1.25.0
218 silly idealTree | | | | | `-- negotiator@0.5.3
218 silly idealTree | | | | `-- compressible@2.0.9
218 silly idealTree | | | |   `-- mime-db@1.25.0
218 silly idealTree | | | +-- connect-timeout@1.6.2
218 silly idealTree | | | | `-- ms@0.7.1
218 silly idealTree | | | +-- cookie-parser@1.3.5
218 silly idealTree | | | +-- csurf@1.8.3
218 silly idealTree | | | | `-- csrf@3.0.4
218 silly idealTree | | | |   +-- base64-url@1.3.3
218 silly idealTree | | | |   +-- rndm@1.2.0
218 silly idealTree | | | |   +-- tsscmp@1.0.5
218 silly idealTree | | | |   `-- uid-safe@2.1.3
218 silly idealTree | | | |     `-- random-bytes@1.0.0
218 silly idealTree | | | +-- errorhandler@1.4.3
218 silly idealTree | | | | +-- accepts@1.3.3
218 silly idealTree | | | | | +-- mime-types@2.1.13
218 silly idealTree | | | | | | `-- mime-db@1.25.0
218 silly idealTree | | | | | `-- negotiator@0.6.1
218 silly idealTree | | | | `-- escape-html@1.0.3
218 silly idealTree | | | +-- express-session@1.11.3
218 silly idealTree | | | | +-- crc@3.3.0
218 silly idealTree | | | | `-- uid-safe@2.0.0
218 silly idealTree | | | |   `-- base64-url@1.2.1
218 silly idealTree | | | +-- finalhandler@0.4.0
218 silly idealTree | | | | +-- on-finished@2.3.0
218 silly idealTree | | | | | `-- ee-first@1.1.1
218 silly idealTree | | | | `-- unpipe@1.0.0
218 silly idealTree | | | +-- http-errors@1.3.1
218 silly idealTree | | | | +-- inherits@2.0.3
218 silly idealTree | | | | `-- statuses@1.3.1
218 silly idealTree | | | +-- method-override@2.3.7
218 silly idealTree | | | | +-- debug@2.3.3
218 silly idealTree | | | | | `-- ms@0.7.2
218 silly idealTree | | | | `-- vary@1.1.0
218 silly idealTree | | | +-- morgan@1.6.1
218 silly idealTree | | | | `-- on-finished@2.3.0
218 silly idealTree | | | |   `-- ee-first@1.1.1
218 silly idealTree | | | +-- multiparty@3.3.2
218 silly idealTree | | | | +-- readable-stream@1.1.14
218 silly idealTree | | | | | +-- core-util-is@1.0.2
218 silly idealTree | | | | | +-- inherits@2.0.3
218 silly idealTree | | | | | +-- isarray@0.0.1
218 silly idealTree | | | | | `-- string_decoder@0.10.31
218 silly idealTree | | | | `-- stream-counter@0.2.0
218 silly idealTree | | | +-- on-headers@1.0.1
218 silly idealTree | | | +-- pause@0.1.0
218 silly idealTree | | | +-- qs@4.0.0
218 silly idealTree | | | +-- response-time@2.3.2
218 silly idealTree | | | | `-- depd@1.1.0
218 silly idealTree | | | +-- serve-favicon@2.3.2
218 silly idealTree | | | | `-- ms@0.7.2
218 silly idealTree | | | +-- serve-index@1.7.3
218 silly idealTree | | | | +-- accepts@1.2.13
218 silly idealTree | | | | | `-- negotiator@0.5.3
218 silly idealTree | | | | +-- batch@0.5.3
218 silly idealTree | | | | +-- escape-html@1.0.3
218 silly idealTree | | | | `-- mime-types@2.1.13
218 silly idealTree | | | |   `-- mime-db@1.25.0
218 silly idealTree | | | +-- serve-static@1.10.3
218 silly idealTree | | | | +-- escape-html@1.0.3
218 silly idealTree | | | | `-- send@0.13.2
218 silly idealTree | | | |   +-- depd@1.1.0
218 silly idealTree | | | |   +-- destroy@1.0.4
218 silly idealTree | | | |   +-- mime@1.3.4
218 silly idealTree | | | |   +-- ms@0.7.1
218 silly idealTree | | | |   +-- on-finished@2.3.0
218 silly idealTree | | | |   | `-- ee-first@1.1.1
218 silly idealTree | | | |   `-- statuses@1.2.1
218 silly idealTree | | | +-- type-is@1.6.14
218 silly idealTree | | | | +-- media-typer@0.3.0
218 silly idealTree | | | | `-- mime-types@2.1.13
218 silly idealTree | | | |   `-- mime-db@1.25.0
218 silly idealTree | | | `-- vhost@3.0.2
218 silly idealTree | | +-- content-disposition@0.5.0
218 silly idealTree | | +-- content-type@1.0.2
218 silly idealTree | | +-- cookie-signature@1.0.6
218 silly idealTree | | +-- cookie@0.1.3
218 silly idealTree | | +-- debug@2.2.0
218 silly idealTree | | | `-- ms@0.7.1
218 silly idealTree | | +-- depd@1.0.1
218 silly idealTree | | +-- escape-html@1.0.2
218 silly idealTree | | +-- etag@1.7.0
218 silly idealTree | | +-- fresh@0.3.0
218 silly idealTree | | +-- merge-descriptors@1.0.0
218 silly idealTree | | +-- methods@1.1.2
218 silly idealTree | | +-- mkdirp@0.5.1
218 silly idealTree | | | `-- minimist@0.0.8
218 silly idealTree | | +-- parseurl@1.3.1
218 silly idealTree | | +-- proxy-addr@1.0.10
218 silly idealTree | | | +-- forwarded@0.1.0
218 silly idealTree | | | `-- ipaddr.js@1.0.5
218 silly idealTree | | +-- range-parser@1.0.3
218 silly idealTree | | +-- send@0.13.0
218 silly idealTree | | | +-- destroy@1.0.3
218 silly idealTree | | | +-- http-errors@1.3.1
218 silly idealTree | | | | `-- inherits@2.0.3
218 silly idealTree | | | +-- mime@1.3.4
218 silly idealTree | | | +-- ms@0.7.1
218 silly idealTree | | | +-- on-finished@2.3.0
218 silly idealTree | | | | `-- ee-first@1.1.1
218 silly idealTree | | | `-- statuses@1.2.1
218 silly idealTree | | +-- utils-merge@1.0.0
218 silly idealTree | | `-- vary@1.0.1
218 silly idealTree | +-- log@1.4.0
218 silly idealTree | +-- optparse@1.0.4
218 silly idealTree | `-- scoped-http-client@0.11.0
218 silly idealTree +-- jsonfile@2.4.0
218 silly idealTree | `-- graceful-fs@4.1.11
218 silly idealTree +-- time@0.11.4
218 silly idealTree | +-- bindings@1.2.1
218 silly idealTree | +-- debug@2.6.0
218 silly idealTree | | `-- ms@0.7.2
218 silly idealTree | `-- nan@2.5.0
218 silly idealTree `-- xml2js@0.4.17
218 silly idealTree   +-- sax@1.2.1
218 silly idealTree   `-- xmlbuilder@4.2.1
218 silly idealTree     `-- lodash@4.17.3
219 silly generateActionsToTake Starting
220 silly install generateActionsToTake
221 silly generateActionsToTake Finishing
222 silly diffTrees action count 5
223 silly diffTrees add bindings@1.2.1
224 silly diffTrees add ms@0.7.2
225 silly diffTrees add debug@2.6.0
226 silly diffTrees add nan@2.5.0
227 silly diffTrees add time@0.11.4
228 silly decomposeActions action count 40
229 silly decomposeActions fetch bindings@1.2.1
230 silly decomposeActions extract bindings@1.2.1
231 silly decomposeActions test bindings@1.2.1
232 silly decomposeActions preinstall bindings@1.2.1
233 silly decomposeActions build bindings@1.2.1
234 silly decomposeActions install bindings@1.2.1
235 silly decomposeActions postinstall bindings@1.2.1
236 silly decomposeActions finalize bindings@1.2.1
237 silly decomposeActions fetch ms@0.7.2
238 silly decomposeActions extract ms@0.7.2
239 silly decomposeActions test ms@0.7.2
240 silly decomposeActions preinstall ms@0.7.2
241 silly decomposeActions build ms@0.7.2
242 silly decomposeActions install ms@0.7.2
243 silly decomposeActions postinstall ms@0.7.2
244 silly decomposeActions finalize ms@0.7.2
245 silly decomposeActions fetch debug@2.6.0
246 silly decomposeActions extract debug@2.6.0
247 silly decomposeActions test debug@2.6.0
248 silly decomposeActions preinstall debug@2.6.0
249 silly decomposeActions build debug@2.6.0
250 silly decomposeActions install debug@2.6.0
251 silly decomposeActions postinstall debug@2.6.0
252 silly decomposeActions finalize debug@2.6.0
253 silly decomposeActions fetch nan@2.5.0
254 silly decomposeActions extract nan@2.5.0
255 silly decomposeActions test nan@2.5.0
256 silly decomposeActions preinstall nan@2.5.0
257 silly decomposeActions build nan@2.5.0
258 silly decomposeActions install nan@2.5.0
259 silly decomposeActions postinstall nan@2.5.0
260 silly decomposeActions finalize nan@2.5.0
261 silly decomposeActions fetch time@0.11.4
262 silly decomposeActions extract time@0.11.4
263 silly decomposeActions test time@0.11.4
264 silly decomposeActions preinstall time@0.11.4
265 silly decomposeActions build time@0.11.4
266 silly decomposeActions install time@0.11.4
267 silly decomposeActions postinstall time@0.11.4
268 silly decomposeActions finalize time@0.11.4
269 silly runTopLevelLifecycles Starting
270 silly install runPreinstallTopLevelLifecycles
271 silly preinstall pdkbot@0.0.1 E:\Github\testhubot\pdkbot-e52f729d
272 info lifecycle pdkbot@0.0.1~preinstall: pdkbot@0.0.1
273 silly lifecycle pdkbot@0.0.1~preinstall: no script for preinstall, continuing
274 silly executeActions Starting
275 silly install executeActions
276 silly doSerial global-install 0
277 silly doParallel fetch 5
278 verbose correctMkdir C:\Users\leechwin\AppData\Roaming\npm-cache\_locks correctMkdir not in flight; initializing
279 verbose lock using C:\Users\leechwin\AppData\Roaming\npm-cache\_locks\staging-a87c196f9787bca3.lock for E:\Github\testhubot\node_modules\.staging
280 silly doParallel extract 5
281 silly extract bindings@1.2.1
282 silly extract ms@0.7.2
283 silly extract debug@2.6.0
284 silly extract nan@2.5.0
285 silly extract time@0.11.4
286 verbose unbuild node_modules\.staging\bindings-9874937c
287 verbose unbuild node_modules\.staging\ms-2c2ab576
288 verbose unbuild node_modules\.staging\nan-04b2a00e
289 verbose unbuild node_modules\.staging\debug-8c7c5475
290 verbose unbuild node_modules\.staging\time-d0b14f20
291 silly gentlyRm E:\Github\testhubot\node_modules\.staging\bindings-9874937c is being purged from base E:\Github\testhubot
292 verbose gentlyRm don't care about contents; nuking E:\Github\testhubot\node_modules\.staging\bindings-9874937c
293 silly gentlyRm E:\Github\testhubot\node_modules\.staging\ms-2c2ab576 is being purged from base E:\Github\testhubot
294 verbose gentlyRm don't care about contents; nuking E:\Github\testhubot\node_modules\.staging\ms-2c2ab576
295 silly gentlyRm E:\Github\testhubot\node_modules\.staging\nan-04b2a00e is being purged from base E:\Github\testhubot
296 verbose gentlyRm don't care about contents; nuking E:\Github\testhubot\node_modules\.staging\nan-04b2a00e
297 silly gentlyRm E:\Github\testhubot\node_modules\.staging\debug-8c7c5475 is being purged from base E:\Github\testhubot
298 verbose gentlyRm don't care about contents; nuking E:\Github\testhubot\node_modules\.staging\debug-8c7c5475
299 verbose tar unpack C:\Users\leechwin\AppData\Roaming\npm-cache\bindings\1.2.1\package.tgz
300 verbose tar unpacking to E:\Github\testhubot\node_modules\.staging\bindings-9874937c
301 silly gentlyRm E:\Github\testhubot\node_modules\.staging\bindings-9874937c is being purged
302 verbose gentlyRm don't care about contents; nuking E:\Github\testhubot\node_modules\.staging\bindings-9874937c
303 verbose tar unpack C:\Users\leechwin\AppData\Roaming\npm-cache\ms\0.7.2\package.tgz
304 verbose tar unpacking to E:\Github\testhubot\node_modules\.staging\ms-2c2ab576
305 silly gentlyRm E:\Github\testhubot\node_modules\.staging\ms-2c2ab576 is being purged
306 verbose gentlyRm don't care about contents; nuking E:\Github\testhubot\node_modules\.staging\ms-2c2ab576
307 silly gentlyRm E:\Github\testhubot\node_modules\.staging\time-d0b14f20 is being purged from base E:\Github\testhubot
308 verbose gentlyRm don't care about contents; nuking E:\Github\testhubot\node_modules\.staging\time-d0b14f20
309 verbose tar unpack C:\Users\leechwin\AppData\Roaming\npm-cache\nan\2.5.0\package.tgz
310 verbose tar unpacking to E:\Github\testhubot\node_modules\.staging\nan-04b2a00e
311 silly gentlyRm E:\Github\testhubot\node_modules\.staging\nan-04b2a00e is being purged
312 verbose gentlyRm don't care about contents; nuking E:\Github\testhubot\node_modules\.staging\nan-04b2a00e
313 verbose tar unpack C:\Users\leechwin\AppData\Roaming\npm-cache\debug\2.6.0\package.tgz
314 verbose tar unpacking to E:\Github\testhubot\node_modules\.staging\debug-8c7c5475
315 silly gentlyRm E:\Github\testhubot\node_modules\.staging\debug-8c7c5475 is being purged
316 verbose gentlyRm don't care about contents; nuking E:\Github\testhubot\node_modules\.staging\debug-8c7c5475
317 silly gunzTarPerm modes [ '777', '666' ]
318 silly gunzTarPerm modes [ '777', '666' ]
319 verbose tar unpack C:\Users\leechwin\AppData\Roaming\npm-cache\time\0.11.4\package.tgz
320 verbose tar unpacking to E:\Github\testhubot\node_modules\.staging\time-d0b14f20
321 silly gentlyRm E:\Github\testhubot\node_modules\.staging\time-d0b14f20 is being purged
322 verbose gentlyRm don't care about contents; nuking E:\Github\testhubot\node_modules\.staging\time-d0b14f20
323 silly gunzTarPerm modes [ '777', '666' ]
324 silly gunzTarPerm modes [ '777', '666' ]
325 silly gunzTarPerm modes [ '777', '666' ]
326 silly gunzTarPerm extractEntry package.json
327 silly gunzTarPerm modified mode [ 'package.json', 420, 438 ]
328 silly gunzTarPerm extractEntry package.json
329 silly gunzTarPerm modified mode [ 'package.json', 420, 438 ]
330 silly gunzTarPerm extractEntry package.json
331 silly gunzTarPerm modified mode [ 'package.json', 420, 438 ]
332 silly gunzTarPerm extractEntry package.json
333 silly gunzTarPerm modified mode [ 'package.json', 436, 438 ]
334 silly gunzTarPerm extractEntry package.json
335 silly gunzTarPerm modified mode [ 'package.json', 420, 438 ]
336 silly gunzTarPerm extractEntry README.md
337 silly gunzTarPerm modified mode [ 'README.md', 420, 438 ]
338 silly gunzTarPerm extractEntry bindings.js
339 silly gunzTarPerm modified mode [ 'bindings.js', 420, 438 ]
340 silly gunzTarPerm extractEntry README.md
341 silly gunzTarPerm modified mode [ 'README.md', 420, 438 ]
342 silly gunzTarPerm extractEntry index.js
343 silly gunzTarPerm modified mode [ 'index.js', 420, 438 ]
344 silly gunzTarPerm extractEntry .npmignore
345 silly gunzTarPerm modified mode [ '.npmignore', 420, 438 ]
346 silly gunzTarPerm extractEntry README.md
347 silly gunzTarPerm modified mode [ 'README.md', 420, 438 ]
348 silly gunzTarPerm extractEntry README.md
349 silly gunzTarPerm modified mode [ 'README.md', 436, 438 ]
350 silly gunzTarPerm extractEntry .npmignore
351 silly gunzTarPerm modified mode [ '.npmignore', 420, 438 ]
352 silly gunzTarPerm extractEntry README.md
353 silly gunzTarPerm modified mode [ 'README.md', 420, 438 ]
354 silly gunzTarPerm extractEntry include_dirs.js
355 silly gunzTarPerm modified mode [ 'include_dirs.js', 436, 438 ]
356 silly gunzTarPerm extractEntry LICENSE.md
357 silly gunzTarPerm modified mode [ 'LICENSE.md', 420, 438 ]
358 silly gunzTarPerm extractEntry LICENSE
359 silly gunzTarPerm modified mode [ 'LICENSE', 420, 438 ]
360 silly gunzTarPerm extractEntry karma.conf.js
361 silly gunzTarPerm modified mode [ 'karma.conf.js', 420, 438 ]
362 silly gunzTarPerm extractEntry LICENSE
363 silly gunzTarPerm modified mode [ 'LICENSE', 420, 438 ]
364 silly gunzTarPerm extractEntry index.js
365 silly gunzTarPerm modified mode [ 'index.js', 420, 438 ]
366 silly gunzTarPerm extractEntry nan_converters.h
367 silly gunzTarPerm modified mode [ 'nan_converters.h', 436, 438 ]
368 silly gunzTarPerm extractEntry CHANGELOG.md
369 silly gunzTarPerm modified mode [ 'CHANGELOG.md', 436, 438 ]
370 silly gunzTarPerm extractEntry LICENSE.md
371 silly gunzTarPerm modified mode [ 'LICENSE.md', 436, 438 ]
372 silly gunzTarPerm extractEntry doc/node_misc.md
373 silly gunzTarPerm modified mode [ 'doc/node_misc.md', 436, 438 ]
374 silly gunzTarPerm extractEntry node.js
375 silly gunzTarPerm modified mode [ 'node.js', 420, 438 ]
376 silly gunzTarPerm extractEntry binding.gyp
377 silly gunzTarPerm modified mode [ 'binding.gyp', 420, 438 ]
378 silly gunzTarPerm extractEntry doc/asyncworker.md
379 silly gunzTarPerm modified mode [ 'doc/asyncworker.md', 436, 438 ]
380 silly gunzTarPerm extractEntry doc/callback.md
381 silly gunzTarPerm modified mode [ 'doc/callback.md', 436, 438 ]
382 silly gunzTarPerm extractEntry component.json
383 silly gunzTarPerm modified mode [ 'component.json', 420, 438 ]
384 silly gunzTarPerm extractEntry Makefile
385 silly gunzTarPerm modified mode [ 'Makefile', 420, 438 ]
386 silly gunzTarPerm extractEntry .jshintrc
387 silly gunzTarPerm modified mode [ '.jshintrc', 420, 438 ]
388 silly gunzTarPerm extractEntry .travis.yml
389 silly gunzTarPerm modified mode [ '.travis.yml', 420, 438 ]
390 silly gunzTarPerm extractEntry doc/converters.md
391 silly gunzTarPerm modified mode [ 'doc/converters.md', 436, 438 ]
392 silly gunzTarPerm extractEntry doc/errors.md
393 silly gunzTarPerm modified mode [ 'doc/errors.md', 436, 438 ]
394 silly gunzTarPerm extractEntry .coveralls.yml
395 silly gunzTarPerm modified mode [ '.coveralls.yml', 420, 438 ]
396 silly gunzTarPerm extractEntry bower.json
397 silly gunzTarPerm modified mode [ 'bower.json', 420, 438 ]
398 silly gunzTarPerm extractEntry History.md
399 silly gunzTarPerm modified mode [ 'History.md', 420, 438 ]
400 silly gunzTarPerm extractEntry src/time.cc
401 silly gunzTarPerm modified mode [ 'src/time.cc', 420, 438 ]
402 silly gunzTarPerm extractEntry test/date.js
403 silly gunzTarPerm modified mode [ 'test/date.js', 420, 438 ]
404 silly gunzTarPerm extractEntry doc/maybe_types.md
405 silly gunzTarPerm modified mode [ 'doc/maybe_types.md', 436, 438 ]
406 silly gunzTarPerm extractEntry doc/methods.md
407 silly gunzTarPerm modified mode [ 'doc/methods.md', 436, 438 ]
408 silly gunzTarPerm extractEntry doc/new.md
409 silly gunzTarPerm modified mode [ 'doc/new.md', 436, 438 ]
410 silly gunzTarPerm extractEntry test/exports.js
411 silly gunzTarPerm modified mode [ 'test/exports.js', 420, 438 ]
412 silly gunzTarPerm extractEntry .eslintrc
413 silly gunzTarPerm modified mode [ '.eslintrc', 420, 438 ]
414 silly gunzTarPerm extractEntry .travis.yml
415 silly gunzTarPerm modified mode [ '.travis.yml', 420, 438 ]
416 silly gunzTarPerm extractEntry doc/buffers.md
417 silly gunzTarPerm modified mode [ 'doc/buffers.md', 436, 438 ]
418 silly gunzTarPerm extractEntry doc/object_wrappers.md
419 silly gunzTarPerm modified mode [ 'doc/object_wrappers.md', 436, 438 ]
420 silly gentlyRm E:\Github\testhubot\node_modules\.staging\bindings-9874937c\node_modules is being purged
421 verbose gentlyRm don't care about contents; nuking E:\Github\testhubot\node_modules\.staging\bindings-9874937c\node_modules
422 silly gunzTarPerm extractEntry CHANGELOG.md
423 silly gunzTarPerm modified mode [ 'CHANGELOG.md', 420, 438 ]
424 silly gunzTarPerm extractEntry src/browser.js
425 silly gunzTarPerm modified mode [ 'src/browser.js', 420, 438 ]
426 silly gunzTarPerm extractEntry doc/persistent.md
427 silly gunzTarPerm modified mode [ 'doc/persistent.md', 436, 438 ]
428 silly gunzTarPerm extractEntry doc/scopes.md
429 silly gunzTarPerm modified mode [ 'doc/scopes.md', 436, 438 ]
430 silly gentlyRm E:\Github\testhubot\node_modules\.staging\ms-2c2ab576\node_modules is being purged
431 verbose gentlyRm don't care about contents; nuking E:\Github\testhubot\node_modules\.staging\ms-2c2ab576\node_modules
432 silly gunzTarPerm extractEntry src/debug.js
433 silly gunzTarPerm modified mode [ 'src/debug.js', 420, 438 ]
434 silly gunzTarPerm extractEntry src/index.js
435 silly gunzTarPerm modified mode [ 'src/index.js', 420, 438 ]
436 silly gunzTarPerm extractEntry test/tzset.js
437 silly gunzTarPerm modified mode [ 'test/tzset.js', 420, 438 ]
438 silly gunzTarPerm extractEntry src/node.js
439 silly gunzTarPerm modified mode [ 'src/node.js', 420, 438 ]
440 silly gunzTarPerm extractEntry doc/script.md
441 silly gunzTarPerm modified mode [ 'doc/script.md', 436, 438 ]
442 silly gunzTarPerm extractEntry doc/string_bytes.md
443 silly gunzTarPerm modified mode [ 'doc/string_bytes.md', 436, 438 ]
444 silly gunzTarPerm extractEntry doc/v8_internals.md
445 silly gunzTarPerm modified mode [ 'doc/v8_internals.md', 436, 438 ]
446 silly gunzTarPerm extractEntry doc/v8_misc.md
447 silly gunzTarPerm modified mode [ 'doc/v8_misc.md', 436, 438 ]
448 silly gunzTarPerm extractEntry nan.h
449 silly gunzTarPerm modified mode [ 'nan.h', 436, 438 ]
450 silly gunzTarPerm extractEntry nan_callbacks.h
451 silly gunzTarPerm modified mode [ 'nan_callbacks.h', 436, 438 ]
452 silly gunzTarPerm extractEntry nan_callbacks_12_inl.h
453 silly gunzTarPerm modified mode [ 'nan_callbacks_12_inl.h', 436, 438 ]
454 silly gunzTarPerm extractEntry nan_callbacks_pre_12_inl.h
455 silly gunzTarPerm modified mode [ 'nan_callbacks_pre_12_inl.h', 436, 438 ]
456 silly gunzTarPerm extractEntry nan_converters_43_inl.h
457 silly gunzTarPerm modified mode [ 'nan_converters_43_inl.h', 436, 438 ]
458 silly gunzTarPerm extractEntry nan_converters_pre_43_inl.h
459 silly gunzTarPerm modified mode [ 'nan_converters_pre_43_inl.h', 436, 438 ]
460 silly gunzTarPerm extractEntry nan_implementation_12_inl.h
461 silly gunzTarPerm modified mode [ 'nan_implementation_12_inl.h', 436, 438 ]
462 silly gunzTarPerm extractEntry nan_implementation_pre_12_inl.h
463 silly gunzTarPerm modified mode [ 'nan_implementation_pre_12_inl.h', 436, 438 ]
464 silly gunzTarPerm extractEntry nan_maybe_43_inl.h
465 silly gunzTarPerm modified mode [ 'nan_maybe_43_inl.h', 436, 438 ]
466 silly gunzTarPerm extractEntry nan_maybe_pre_43_inl.h
467 silly gunzTarPerm modified mode [ 'nan_maybe_pre_43_inl.h', 436, 438 ]
468 silly gunzTarPerm extractEntry nan_new.h
469 silly gunzTarPerm modified mode [ 'nan_new.h', 436, 438 ]
470 silly gunzTarPerm extractEntry nan_object_wrap.h
471 silly gunzTarPerm modified mode [ 'nan_object_wrap.h', 436, 438 ]
472 silly gunzTarPerm extractEntry nan_persistent_12_inl.h
473 silly gunzTarPerm modified mode [ 'nan_persistent_12_inl.h', 436, 438 ]
474 silly gunzTarPerm extractEntry nan_persistent_pre_12_inl.h
475 silly gunzTarPerm modified mode [ 'nan_persistent_pre_12_inl.h', 436, 438 ]
476 silly gunzTarPerm extractEntry nan_private.h
477 silly gunzTarPerm modified mode [ 'nan_private.h', 436, 438 ]
478 silly gunzTarPerm extractEntry nan_string_bytes.h
479 silly gunzTarPerm modified mode [ 'nan_string_bytes.h', 436, 438 ]
480 silly gunzTarPerm extractEntry nan_typedarray_contents.h
481 silly gunzTarPerm modified mode [ 'nan_typedarray_contents.h', 436, 438 ]
482 silly gunzTarPerm extractEntry nan_weak.h
483 silly gunzTarPerm modified mode [ 'nan_weak.h', 436, 438 ]
484 silly gunzTarPerm extractEntry tools/package.json
485 silly gunzTarPerm modified mode [ 'tools/package.json', 436, 438 ]
486 silly gunzTarPerm extractEntry tools/README.md
487 silly gunzTarPerm modified mode [ 'tools/README.md', 436, 438 ]
488 silly gunzTarPerm extractEntry tools/1to2.js
489 silly gunzTarPerm modified mode [ 'tools/1to2.js', 509, 511 ]
490 silly gentlyRm E:\Github\testhubot\node_modules\.staging\time-d0b14f20\node_modules is being purged
491 verbose gentlyRm don't care about contents; nuking E:\Github\testhubot\node_modules\.staging\time-d0b14f20\node_modules
492 silly gentlyRm E:\Github\testhubot\node_modules\.staging\debug-8c7c5475\node_modules is being purged
493 verbose gentlyRm don't care about contents; nuking E:\Github\testhubot\node_modules\.staging\debug-8c7c5475\node_modules
494 silly gentlyRm E:\Github\testhubot\node_modules\.staging\nan-04b2a00e\node_modules is being purged
495 verbose gentlyRm don't care about contents; nuking E:\Github\testhubot\node_modules\.staging\nan-04b2a00e\node_modules
496 silly doParallel preinstall 5
497 silly preinstall bindings@1.2.1 E:\Github\testhubot\node_modules\.staging\bindings-9874937c
498 info lifecycle bindings@1.2.1~preinstall: bindings@1.2.1
499 silly preinstall ms@0.7.2 E:\Github\testhubot\node_modules\.staging\ms-2c2ab576
500 info lifecycle ms@0.7.2~preinstall: ms@0.7.2
501 silly preinstall debug@2.6.0 E:\Github\testhubot\node_modules\.staging\debug-8c7c5475
502 info lifecycle debug@2.6.0~preinstall: debug@2.6.0
503 silly preinstall nan@2.5.0 E:\Github\testhubot\node_modules\.staging\nan-04b2a00e
504 info lifecycle nan@2.5.0~preinstall: nan@2.5.0
505 silly preinstall time@0.11.4 E:\Github\testhubot\node_modules\.staging\time-d0b14f20
506 info lifecycle time@0.11.4~preinstall: time@0.11.4
507 silly lifecycle bindings@1.2.1~preinstall: no script for preinstall, continuing
508 silly lifecycle ms@0.7.2~preinstall: no script for preinstall, continuing
509 silly lifecycle debug@2.6.0~preinstall: no script for preinstall, continuing
510 silly lifecycle nan@2.5.0~preinstall: no script for preinstall, continuing
511 silly lifecycle time@0.11.4~preinstall: no script for preinstall, continuing
512 silly doReverseSerial remove 0
513 silly doSerial move 0
514 silly doSerial finalize 5
515 silly finalize E:\Github\testhubot\node_modules\time\node_modules\bindings
516 silly finalize E:\Github\testhubot\node_modules\time\node_modules\debug\node_modules\ms
517 silly finalize E:\Github\testhubot\node_modules\time\node_modules\debug
518 silly finalize E:\Github\testhubot\node_modules\time\node_modules\nan
519 silly finalize E:\Github\testhubot\node_modules\time
520 silly doSerial build 5
521 silly build bindings@1.2.1
522 info linkStuff bindings@1.2.1
523 silly linkStuff bindings@1.2.1 has E:\Github\testhubot\node_modules\time\node_modules as its parent node_modules
524 verbose linkBins bindings@1.2.1
525 verbose linkMans bindings@1.2.1
526 silly build ms@0.7.2
527 info linkStuff ms@0.7.2
528 silly linkStuff ms@0.7.2 has E:\Github\testhubot\node_modules\time\node_modules\debug\node_modules as its parent node_modules
529 verbose linkBins ms@0.7.2
530 verbose linkMans ms@0.7.2
531 silly build debug@2.6.0
532 info linkStuff debug@2.6.0
533 silly linkStuff debug@2.6.0 has E:\Github\testhubot\node_modules\time\node_modules as its parent node_modules
534 verbose linkBins debug@2.6.0
535 verbose linkMans debug@2.6.0
536 silly build nan@2.5.0
537 info linkStuff nan@2.5.0
538 silly linkStuff nan@2.5.0 has E:\Github\testhubot\node_modules\time\node_modules as its parent node_modules
539 verbose linkBins nan@2.5.0
540 verbose linkMans nan@2.5.0
541 silly build time@0.11.4
542 info linkStuff time@0.11.4
543 silly linkStuff time@0.11.4 has E:\Github\testhubot\node_modules as its parent node_modules
544 verbose linkBins time@0.11.4
545 verbose linkMans time@0.11.4
546 silly doSerial global-link 0
547 silly doParallel update-linked 0
548 silly doSerial install 5
549 silly install bindings@1.2.1 E:\Github\testhubot\node_modules\.staging\bindings-9874937c
550 info lifecycle bindings@1.2.1~install: bindings@1.2.1
551 silly lifecycle bindings@1.2.1~install: no script for install, continuing
552 silly install ms@0.7.2 E:\Github\testhubot\node_modules\.staging\ms-2c2ab576
553 info lifecycle ms@0.7.2~install: ms@0.7.2
554 silly lifecycle ms@0.7.2~install: no script for install, continuing
555 silly install debug@2.6.0 E:\Github\testhubot\node_modules\.staging\debug-8c7c5475
556 info lifecycle debug@2.6.0~install: debug@2.6.0
557 silly lifecycle debug@2.6.0~install: no script for install, continuing
558 silly install nan@2.5.0 E:\Github\testhubot\node_modules\.staging\nan-04b2a00e
559 info lifecycle nan@2.5.0~install: nan@2.5.0
560 silly lifecycle nan@2.5.0~install: no script for install, continuing
561 silly install time@0.11.4 E:\Github\testhubot\node_modules\.staging\time-d0b14f20
562 info lifecycle time@0.11.4~install: time@0.11.4
563 verbose lifecycle time@0.11.4~install: unsafe-perm in lifecycle true
564 verbose lifecycle time@0.11.4~install: PATH: C:\Program Files\nodejs\node_modules\npm\bin\node-gyp-bin;E:\Github\testhubot\node_modules\time\node_modules\.bin;E:\Github\testhubot\node_modules\.bin;C:\Users\leechwin\bin;C:\Program Files\Git\mingw64\bin;C:\Program Files\Git\usr\local\bin;C:\Program Files\Git\usr\bin;C:\Program Files\Git\usr\bin;C:\Program Files\Git\mingw64\bin;C:\Program Files\Git\usr\bin;C:\Users\leechwin\bin;C:\ProgramData\Oracle\Java\javapath;C:\Windows\system32;C:\Windows;C:\Windows\System32\Wbem;C:\Windows\System32\WindowsPowerShell\v1.0;C:\Program Files (x86)\ePapyrus\Papyrus-PlugIn-ntas;C:\Program Files (x86)\ePapyrus\Papyrus-PlugIn-ntas\Addins;C:\Program Files\Git\cmd;C:\Program Files (x86)\Heroku\bin;C:\Program Files (x86)\git\cmd;C:\Users\leechwin\.dnx\bin;C:\Program Files\Microsoft DNX\Dnvm;C:\Program Files\Microsoft SQL Server\130\Tools\Binn;C:\Program Files\nodejs;C:\Program Files\Bandizip\7z;C:\Users\leechwin\AppData\Roaming\npm;C:\Program Files (x86)\Microsoft VS Code\bin;C:\Program Files\Heroku\bin;C:\Program Files\Git\usr\bin\vendor_perl;C:\Program Files\Git\usr\bin\core_perl
565 verbose lifecycle time@0.11.4~install: CWD: E:\Github\testhubot\node_modules\time
566 silly lifecycle time@0.11.4~install: Args: [ '/d /s /c', 'node-gyp rebuild' ]
567 silly lifecycle time@0.11.4~install: Returned: code: 1  signal: null
568 info lifecycle time@0.11.4~install: Failed to exec install script
569 verbose unlock done using C:\Users\leechwin\AppData\Roaming\npm-cache\_locks\staging-a87c196f9787bca3.lock for E:\Github\testhubot\node_modules\.staging
570 silly rollbackFailedOptional Starting
571 silly rollbackFailedOptional Finishing
572 silly runTopLevelLifecycles Finishing
573 silly install printInstalled
574 verbose stack Error: time@0.11.4 install: `node-gyp rebuild`
574 verbose stack Exit status 1
574 verbose stack     at EventEmitter.<anonymous> (C:\Program Files\nodejs\node_modules\npm\lib\utils\lifecycle.js:255:16)
574 verbose stack     at emitTwo (events.js:106:13)
574 verbose stack     at EventEmitter.emit (events.js:191:7)
574 verbose stack     at ChildProcess.<anonymous> (C:\Program Files\nodejs\node_modules\npm\lib\utils\spawn.js:40:14)
574 verbose stack     at emitTwo (events.js:106:13)
574 verbose stack     at ChildProcess.emit (events.js:191:7)
574 verbose stack     at maybeClose (internal/child_process.js:877:16)
574 verbose stack     at Process.ChildProcess._handle.onexit (internal/child_process.js:226:5)
575 verbose pkgid time@0.11.4
576 verbose cwd E:\Github\testhubot
577 error Windows_NT 6.1.7601
578 error argv "C:\\Program Files\\nodejs\\node.exe" "C:\\Program Files\\nodejs\\node_modules\\npm\\bin\\npm-cli.js" "install"
579 error node v6.9.1
580 error npm  v3.10.8
581 error code ELIFECYCLE
582 error time@0.11.4 install: `node-gyp rebuild`
582 error Exit status 1
583 error Failed at the time@0.11.4 install script 'node-gyp rebuild'.
583 error Make sure you have the latest version of node.js and npm installed.
583 error If you do, this is most likely a problem with the time package,
583 error not with npm itself.
583 error Tell the author that this fails on your system:
583 error     node-gyp rebuild
583 error You can get information on how to open an issue for this project with:
583 error     npm bugs time
583 error Or if that isn't available, you can get their info via:
583 error     npm owner ls time
583 error There is likely additional logging output above.
584 verbose exit [ 1, true ]
